<!doctype html>
<html lang="">
<head>
    <meta charset="UTF-8">
    <meta name="viewport"
          content="width=device-width, user-scalable=no, initial-scale=1.0, maximum-scale=1.0, minimum-scale=1.0">
    <meta http-equiv="X-UA-Compatible" content="ie=edge">
    <title>Test Results Report - Brief Smoke</title>

    <link href="reportng.css" rel="stylesheet" type="text/css"/>
</head>
<body>
<div id="meta">
Generated by <a href="http://www.testng.org" target="_blank">TestNG</a> with <a href="https://github.com/testng-team/reportng" target="_blank">ReportNG</a>
at 12:45 EET on Tuesday 21 December 2021
    <br/><span
    id="systemInfo">adriangheorghe@192.168.1.9&nbsp;/&nbsp;Java 17 (Oracle Corporation)&nbsp;/&nbsp;Mac OS X 10.14.6 (x86_64)</span>
</div>
<h1>Brief Smoke</h1>

<p>
    <a href="index.html">Suites</a>
        &#183; <a href="output.html">Log Output</a>
</p>

<p>Test duration
    : 133.521s</p>


    <table class="resultsTable">
        <tr>
            <th colspan="3" class="header failed">Failed Tests</th>
        </tr>
            <tr>
                <td class="group" colspan="3">tests.BriefOverviewTests</td>
            </tr>
    <tr>
        <td class="method">
                SAM611_editStandardBrief
        </td>
        <td class="duration">
            42.375s
        </td>
        <td class="result">
            <!-- Display the dependencies for skipped test methods -->


            <!-- Show logger output for the test -->

                <a href="javascript:toggleElement('exception-0', 'block')"
                   title="Click to expand/collapse">
                    <b>org.openqa.selenium.TimeoutException: Expected condition failed: waiting for element to be clickable: By.id: comm_details-popover (tried for 10 second(s) with 500 milliseconds interval)</b>
                </a>
                <br/>
                <div class="stackTrace" id="exception-0">
                        org.openqa.selenium.support.ui.WebDriverWait.timeoutException(WebDriverWait.java:95)<br/>
                        org.openqa.selenium.support.ui.FluentWait.until(FluentWait.java:272)<br/>
                        utils.BaseClass.wait_for_id_elem_to_be_clickable(BaseClass.java:159)<br/>
                        stepObjects.BriefOverviewStepObject.editBrief(BriefOverviewStepObject.java:66)<br/>
                        tests.BriefOverviewTests.SAM611_editStandardBrief(BriefOverviewTests.java:43)<br/>
                        java.base/jdk.internal.reflect.NativeMethodAccessorImpl.invoke0(Native Method)<br/>
                        java.base/jdk.internal.reflect.NativeMethodAccessorImpl.invoke(NativeMethodAccessorImpl.java:77)<br/>
                        java.base/jdk.internal.reflect.DelegatingMethodAccessorImpl.invoke(DelegatingMethodAccessorImpl.java:43)<br/>
                        java.base/java.lang.reflect.Method.invoke(Method.java:568)<br/>
                        org.testng.internal.MethodInvocationHelper.invokeMethod(MethodInvocationHelper.java:124)<br/>
                        org.testng.internal.Invoker.invokeMethod(Invoker.java:583)<br/>
                        org.testng.internal.Invoker.invokeTestMethod(Invoker.java:719)<br/>
                        org.testng.internal.Invoker.invokeTestMethods(Invoker.java:989)<br/>
                        org.testng.internal.TestMethodWorker.invokeTestMethods(TestMethodWorker.java:125)<br/>
                        org.testng.internal.TestMethodWorker.run(TestMethodWorker.java:109)<br/>
                        org.testng.TestRunner.privateRun(TestRunner.java:648)<br/>
                        org.testng.TestRunner.run(TestRunner.java:505)<br/>
                        org.testng.SuiteRunner.runTest(SuiteRunner.java:455)<br/>
                        org.testng.SuiteRunner.runSequentially(SuiteRunner.java:450)<br/>
                        org.testng.SuiteRunner.privateRun(SuiteRunner.java:415)<br/>
                        org.testng.SuiteRunner.run(SuiteRunner.java:364)<br/>
                        org.testng.SuiteRunnerWorker.runSuite(SuiteRunnerWorker.java:52)<br/>
                        org.testng.SuiteRunnerWorker.run(SuiteRunnerWorker.java:84)<br/>
                        org.testng.TestNG.runSuitesSequentially(TestNG.java:1208)<br/>
                        org.testng.TestNG.runSuitesLocally(TestNG.java:1137)<br/>
                        org.testng.TestNG.runSuites(TestNG.java:1049)<br/>
                        org.testng.TestNG.run(TestNG.java:1017)<br/>
                        com.intellij.rt.testng.IDEARemoteTestNG.run(IDEARemoteTestNG.java:66)<br/>
                        com.intellij.rt.testng.RemoteTestNGStarter.main(RemoteTestNGStarter.java:109)<br/>
                        <b>Caused by: </b>
                        <a href="javascript:toggleElement('exception-1', 'block')"
                           title="Click to expand/collapse">
                            org.openqa.selenium.NoSuchElementException: no such element: Unable to locate element: {&quot;method&quot;:&quot;css selector&quot;,&quot;selector&quot;:&quot;#comm_details\-popover&quot;}<br/>
&nbsp; (Session info: chrome=96.0.4664.110)<br/>
For documentation on this error, please visit: https://www.seleniumhq.org/exceptions/no_such_element.html<br/>
Build info: version: &apos;3.141.59&apos;, revision: &apos;e82be7d358&apos;, time: &apos;2018-11-14T08:17:03&apos;<br/>
System info: host: &apos;192.168.1.9&apos;, ip: &apos;2a02:2f0e:d20f:4400:5183:1aa4:5cb5:370%en0&apos;, os.name: &apos;Mac OS X&apos;, os.arch: &apos;x86_64&apos;, os.version: &apos;10.14.6&apos;, java.version: &apos;17&apos;<br/>
Driver info: org.openqa.selenium.chrome.ChromeDriver<br/>
Capabilities {acceptInsecureCerts: false, browserName: chrome, browserVersion: 96.0.4664.110, chrome: {chromedriverVersion: 95.0.4638.54 (d31a821ec901f..., userDataDir: /var/folders/9c/pv63wt997_7...}, goog:chromeOptions: {debuggerAddress: localhost:64277}, javascriptEnabled: true, networkConnectionEnabled: false, pageLoadStrategy: normal, platform: MAC, platformName: MAC, proxy: Proxy(), setWindowRect: true, strictFileInteractability: false, timeouts: {implicit: 0, pageLoad: 300000, script: 30000}, unhandledPromptBehavior: dismiss and notify, webauthn:extension:credBlob: true, webauthn:extension:largeBlob: true, webauthn:virtualAuthenticators: true}<br/>
Session ID: 6c85ac7342c1fbac8bddc4588d182d44<br/>
*** Element info: {Using=id, value=comm_details-popover}
                        </a>
                        <br/>
                        <div class="stackTrace" id="exception-1">
                                java.base/jdk.internal.reflect.NativeConstructorAccessorImpl.newInstance0(Native Method)<br/>
                                java.base/jdk.internal.reflect.NativeConstructorAccessorImpl.newInstance(NativeConstructorAccessorImpl.java:77)<br/>
                                java.base/jdk.internal.reflect.DelegatingConstructorAccessorImpl.newInstance(DelegatingConstructorAccessorImpl.java:45)<br/>
                                java.base/java.lang.reflect.Constructor.newInstanceWithCaller(Constructor.java:499)<br/>
                                java.base/java.lang.reflect.Constructor.newInstance(Constructor.java:480)<br/>
                                org.openqa.selenium.remote.http.W3CHttpResponseCodec.createException(W3CHttpResponseCodec.java:187)<br/>
                                org.openqa.selenium.remote.http.W3CHttpResponseCodec.decode(W3CHttpResponseCodec.java:122)<br/>
                                org.openqa.selenium.remote.http.W3CHttpResponseCodec.decode(W3CHttpResponseCodec.java:49)<br/>
                                org.openqa.selenium.remote.HttpCommandExecutor.execute(HttpCommandExecutor.java:158)<br/>
                                org.openqa.selenium.remote.service.DriverCommandExecutor.execute(DriverCommandExecutor.java:83)<br/>
                                org.openqa.selenium.remote.RemoteWebDriver.execute(RemoteWebDriver.java:552)<br/>
                                org.openqa.selenium.remote.RemoteWebDriver.findElement(RemoteWebDriver.java:323)<br/>
                                org.openqa.selenium.remote.RemoteWebDriver.findElementById(RemoteWebDriver.java:372)<br/>
                                org.openqa.selenium.By$ById.findElement(By.java:188)<br/>
                                org.openqa.selenium.remote.RemoteWebDriver.findElement(RemoteWebDriver.java:315)<br/>
                                org.openqa.selenium.support.ui.ExpectedConditions$7.apply(ExpectedConditions.java:205)<br/>
                                org.openqa.selenium.support.ui.ExpectedConditions$7.apply(ExpectedConditions.java:201)<br/>
                                org.openqa.selenium.support.ui.ExpectedConditions$22.apply(ExpectedConditions.java:641)<br/>
                                org.openqa.selenium.support.ui.ExpectedConditions$22.apply(ExpectedConditions.java:638)<br/>
                                org.openqa.selenium.support.ui.FluentWait.until(FluentWait.java:249)<br/>
                                utils.BaseClass.wait_for_id_elem_to_be_clickable(BaseClass.java:159)<br/>
                                stepObjects.BriefOverviewStepObject.editBrief(BriefOverviewStepObject.java:66)<br/>
                                tests.BriefOverviewTests.SAM611_editStandardBrief(BriefOverviewTests.java:43)<br/>
                                java.base/jdk.internal.reflect.NativeMethodAccessorImpl.invoke0(Native Method)<br/>
                                java.base/jdk.internal.reflect.NativeMethodAccessorImpl.invoke(NativeMethodAccessorImpl.java:77)<br/>
                                java.base/jdk.internal.reflect.DelegatingMethodAccessorImpl.invoke(DelegatingMethodAccessorImpl.java:43)<br/>
                                java.base/java.lang.reflect.Method.invoke(Method.java:568)<br/>
                                org.testng.internal.MethodInvocationHelper.invokeMethod(MethodInvocationHelper.java:124)<br/>
                                org.testng.internal.Invoker.invokeMethod(Invoker.java:583)<br/>
                                org.testng.internal.Invoker.invokeTestMethod(Invoker.java:719)<br/>
                                org.testng.internal.Invoker.invokeTestMethods(Invoker.java:989)<br/>
                                org.testng.internal.TestMethodWorker.invokeTestMethods(TestMethodWorker.java:125)<br/>
                                org.testng.internal.TestMethodWorker.run(TestMethodWorker.java:109)<br/>
                                org.testng.TestRunner.privateRun(TestRunner.java:648)<br/>
                                org.testng.TestRunner.run(TestRunner.java:505)<br/>
                                org.testng.SuiteRunner.runTest(SuiteRunner.java:455)<br/>
                                org.testng.SuiteRunner.runSequentially(SuiteRunner.java:450)<br/>
                                org.testng.SuiteRunner.privateRun(SuiteRunner.java:415)<br/>
                                org.testng.SuiteRunner.run(SuiteRunner.java:364)<br/>
                                org.testng.SuiteRunnerWorker.runSuite(SuiteRunnerWorker.java:52)<br/>
                                org.testng.SuiteRunnerWorker.run(SuiteRunnerWorker.java:84)<br/>
                                org.testng.TestNG.runSuitesSequentially(TestNG.java:1208)<br/>
                                org.testng.TestNG.runSuitesLocally(TestNG.java:1137)<br/>
                                org.testng.TestNG.runSuites(TestNG.java:1049)<br/>
                                org.testng.TestNG.run(TestNG.java:1017)<br/>
                                com.intellij.rt.testng.IDEARemoteTestNG.run(IDEARemoteTestNG.java:66)<br/>
                                com.intellij.rt.testng.RemoteTestNGStarter.main(RemoteTestNGStarter.java:109)<br/>
                        </div>
                </div>
        </td>
    </tr>
    </table>


    <table class="resultsTable" width="100%">
        <tr>
            <th colspan="3" class="header passed">Passed Tests</th>
        </tr>
            <tr>
                <td class="group" colspan="3">tests.BriefOverviewTests</td>
            </tr>
    <tr>
        <td class="method">
                SAM1034_rateBrief
        </td>
        <td class="duration">
            19.845s
        </td>
        <td class="result">
            <!-- Display the dependencies for skipped test methods -->


            <!-- Show logger output for the test -->

        </td>
    </tr>
    <tr>
        <td class="method">
                SAM1115_removeFromBrief
        </td>
        <td class="duration">
            13.298s
        </td>
        <td class="result">
            <!-- Display the dependencies for skipped test methods -->


            <!-- Show logger output for the test -->

        </td>
    </tr>
    <tr>
        <td class="method">
                SAM608_createStandardBrief
        </td>
        <td class="duration">
            18.404s
        </td>
        <td class="result">
            <!-- Display the dependencies for skipped test methods -->


            <!-- Show logger output for the test -->

        </td>
    </tr>
    <tr>
        <td class="method">
                SAM900_assignToBrief
        </td>
        <td class="duration">
            12.885s
        </td>
        <td class="result">
            <!-- Display the dependencies for skipped test methods -->


            <!-- Show logger output for the test -->

        </td>
    </tr>
    </table>

<script type="text/javascript" src="reportng.js"></script>
</body>
