<?xml version="1.0" encoding="UTF-8"?>
<testsuite name="OpinstaSAM"
           tests="12"
           failures="1"
           errors="0"
           skipped="11"
           time="21.438">
    <properties></properties>

            <testcase
                name="setup"
                time="21.438"
                classname="tests.DefectReportTests">

            <failure type="org.openqa.selenium.WebDriverException" message="Timed out waiting for driver server to start.
Build info: version: &apos;3.141.59&apos;, revision: &apos;e82be7d358&apos;, time: &apos;2018-11-14T08:17:03&apos;
System info: host: &apos;192.168.1.11&apos;, ip: &apos;2a02:2f0e:dc12:a000:1106:158f:2ada:d969%en0&apos;, os.name: &apos;Mac OS X&apos;, os.arch: &apos;x86_64&apos;, os.version: &apos;10.14.6&apos;, java.version: &apos;17&apos;
Driver info: driver.version: ChromeDriver">
                <![CDATA[org.openqa.selenium.WebDriverException: Timed out waiting for driver server to start.
Build info: version: '3.141.59', revision: 'e82be7d358', time: '2018-11-14T08:17:03'
System info: host: '192.168.1.11', ip: '2a02:2f0e:dc12:a000:1106:158f:2ada:d969%en0', os.name: 'Mac OS X', os.arch: 'x86_64', os.version: '10.14.6', java.version: '17'
Driver info: driver.version: ChromeDriver
                org.openqa.selenium.remote.service.DriverService.waitUntilAvailable(DriverService.java:202)org.openqa.selenium.remote.service.DriverService.start(DriverService.java:188)org.openqa.selenium.remote.service.DriverCommandExecutor.execute(DriverCommandExecutor.java:79)org.openqa.selenium.remote.RemoteWebDriver.execute(RemoteWebDriver.java:552)org.openqa.selenium.remote.RemoteWebDriver.startSession(RemoteWebDriver.java:213)org.openqa.selenium.remote.RemoteWebDriver.<init>(RemoteWebDriver.java:131)org.openqa.selenium.chrome.ChromeDriver.<init>(ChromeDriver.java:181)org.openqa.selenium.chrome.ChromeDriver.<init>(ChromeDriver.java:168)org.openqa.selenium.chrome.ChromeDriver.<init>(ChromeDriver.java:123)utils.Setup.setup(Setup.java:52)java.base/jdk.internal.reflect.NativeMethodAccessorImpl.invoke0(Native Method)java.base/jdk.internal.reflect.NativeMethodAccessorImpl.invoke(NativeMethodAccessorImpl.java:77)java.base/jdk.internal.reflect.DelegatingMethodAccessorImpl.invoke(DelegatingMethodAccessorImpl.java:43)java.base/java.lang.reflect.Method.invoke(Method.java:568)org.testng.internal.MethodInvocationHelper.invokeMethod(MethodInvocationHelper.java:124)org.testng.internal.MethodInvocationHelper.invokeMethodConsideringTimeout(MethodInvocationHelper.java:59)org.testng.internal.Invoker.invokeConfigurationMethod(Invoker.java:458)org.testng.internal.Invoker.invokeConfigurations(Invoker.java:222)org.testng.internal.Invoker.invokeMethod(Invoker.java:523)org.testng.internal.Invoker.invokeTestMethod(Invoker.java:719)org.testng.internal.Invoker.invokeTestMethods(Invoker.java:989)org.testng.internal.TestMethodWorker.invokeTestMethods(TestMethodWorker.java:125)org.testng.internal.TestMethodWorker.run(TestMethodWorker.java:109)org.testng.TestRunner.privateRun(TestRunner.java:648)org.testng.TestRunner.run(TestRunner.java:505)org.testng.SuiteRunner.runTest(SuiteRunner.java:455)org.testng.SuiteRunner.runSequentially(SuiteRunner.java:450)org.testng.SuiteRunner.privateRun(SuiteRunner.java:415)org.testng.SuiteRunner.run(SuiteRunner.java:364)org.testng.SuiteRunnerWorker.runSuite(SuiteRunnerWorker.java:52)org.testng.SuiteRunnerWorker.run(SuiteRunnerWorker.java:84)org.testng.TestNG.runSuitesSequentially(TestNG.java:1208)org.testng.TestNG.runSuitesLocally(TestNG.java:1137)org.testng.TestNG.runSuites(TestNG.java:1049)org.testng.TestNG.run(TestNG.java:1017)com.intellij.rt.testng.IDEARemoteTestNG.run(IDEARemoteTestNG.java:66)com.intellij.rt.testng.RemoteTestNGStarter.main(RemoteTestNGStarter.java:109)
                    Caused by: org.openqa.selenium.net.UrlChecker$TimeoutException: Timed out waiting for [http://localhost:42941/status] to be available after 20007 ms
                    org.openqa.selenium.net.UrlChecker.waitUntilAvailable(UrlChecker.java:100)org.openqa.selenium.remote.service.DriverService.waitUntilAvailable(DriverService.java:197)org.openqa.selenium.remote.service.DriverService.start(DriverService.java:188)org.openqa.selenium.remote.service.DriverCommandExecutor.execute(DriverCommandExecutor.java:79)org.openqa.selenium.remote.RemoteWebDriver.execute(RemoteWebDriver.java:552)org.openqa.selenium.remote.RemoteWebDriver.startSession(RemoteWebDriver.java:213)org.openqa.selenium.remote.RemoteWebDriver.<init>(RemoteWebDriver.java:131)org.openqa.selenium.chrome.ChromeDriver.<init>(ChromeDriver.java:181)org.openqa.selenium.chrome.ChromeDriver.<init>(ChromeDriver.java:168)org.openqa.selenium.chrome.ChromeDriver.<init>(ChromeDriver.java:123)utils.Setup.setup(Setup.java:52)java.base/jdk.internal.reflect.NativeMethodAccessorImpl.invoke0(Native Method)java.base/jdk.internal.reflect.NativeMethodAccessorImpl.invoke(NativeMethodAccessorImpl.java:77)java.base/jdk.internal.reflect.DelegatingMethodAccessorImpl.invoke(DelegatingMethodAccessorImpl.java:43)java.base/java.lang.reflect.Method.invoke(Method.java:568)org.testng.internal.MethodInvocationHelper.invokeMethod(MethodInvocationHelper.java:124)org.testng.internal.MethodInvocationHelper.invokeMethodConsideringTimeout(MethodInvocationHelper.java:59)org.testng.internal.Invoker.invokeConfigurationMethod(Invoker.java:458)org.testng.internal.Invoker.invokeConfigurations(Invoker.java:222)org.testng.internal.Invoker.invokeMethod(Invoker.java:523)org.testng.internal.Invoker.invokeTestMethod(Invoker.java:719)org.testng.internal.Invoker.invokeTestMethods(Invoker.java:989)org.testng.internal.TestMethodWorker.invokeTestMethods(TestMethodWorker.java:125)org.testng.internal.TestMethodWorker.run(TestMethodWorker.java:109)org.testng.TestRunner.privateRun(TestRunner.java:648)org.testng.TestRunner.run(TestRunner.java:505)org.testng.SuiteRunner.runTest(SuiteRunner.java:455)org.testng.SuiteRunner.runSequentially(SuiteRunner.java:450)org.testng.SuiteRunner.privateRun(SuiteRunner.java:415)org.testng.SuiteRunner.run(SuiteRunner.java:364)org.testng.SuiteRunnerWorker.runSuite(SuiteRunnerWorker.java:52)org.testng.SuiteRunnerWorker.run(SuiteRunnerWorker.java:84)org.testng.TestNG.runSuitesSequentially(TestNG.java:1208)org.testng.TestNG.runSuitesLocally(TestNG.java:1137)org.testng.TestNG.runSuites(TestNG.java:1049)org.testng.TestNG.run(TestNG.java:1017)com.intellij.rt.testng.IDEARemoteTestNG.run(IDEARemoteTestNG.java:66)com.intellij.rt.testng.RemoteTestNGStarter.main(RemoteTestNGStarter.java:109)
                                    Caused by: java.util.concurrent.TimeoutException
                    java.base/java.util.concurrent.FutureTask.get(FutureTask.java:204)com.google.common.util.concurrent.SimpleTimeLimiter.callWithTimeout(SimpleTimeLimiter.java:156)org.openqa.selenium.net.UrlChecker.waitUntilAvailable(UrlChecker.java:75)org.openqa.selenium.remote.service.DriverService.waitUntilAvailable(DriverService.java:197)org.openqa.selenium.remote.service.DriverService.start(DriverService.java:188)org.openqa.selenium.remote.service.DriverCommandExecutor.execute(DriverCommandExecutor.java:79)org.openqa.selenium.remote.RemoteWebDriver.execute(RemoteWebDriver.java:552)org.openqa.selenium.remote.RemoteWebDriver.startSession(RemoteWebDriver.java:213)org.openqa.selenium.remote.RemoteWebDriver.<init>(RemoteWebDriver.java:131)org.openqa.selenium.chrome.ChromeDriver.<init>(ChromeDriver.java:181)org.openqa.selenium.chrome.ChromeDriver.<init>(ChromeDriver.java:168)org.openqa.selenium.chrome.ChromeDriver.<init>(ChromeDriver.java:123)utils.Setup.setup(Setup.java:52)java.base/jdk.internal.reflect.NativeMethodAccessorImpl.invoke0(Native Method)java.base/jdk.internal.reflect.NativeMethodAccessorImpl.invoke(NativeMethodAccessorImpl.java:77)java.base/jdk.internal.reflect.DelegatingMethodAccessorImpl.invoke(DelegatingMethodAccessorImpl.java:43)java.base/java.lang.reflect.Method.invoke(Method.java:568)org.testng.internal.MethodInvocationHelper.invokeMethod(MethodInvocationHelper.java:124)org.testng.internal.MethodInvocationHelper.invokeMethodConsideringTimeout(MethodInvocationHelper.java:59)org.testng.internal.Invoker.invokeConfigurationMethod(Invoker.java:458)org.testng.internal.Invoker.invokeConfigurations(Invoker.java:222)org.testng.internal.Invoker.invokeMethod(Invoker.java:523)org.testng.internal.Invoker.invokeTestMethod(Invoker.java:719)org.testng.internal.Invoker.invokeTestMethods(Invoker.java:989)org.testng.internal.TestMethodWorker.invokeTestMethods(TestMethodWorker.java:125)org.testng.internal.TestMethodWorker.run(TestMethodWorker.java:109)org.testng.TestRunner.privateRun(TestRunner.java:648)org.testng.TestRunner.run(TestRunner.java:505)org.testng.SuiteRunner.runTest(SuiteRunner.java:455)org.testng.SuiteRunner.runSequentially(SuiteRunner.java:450)org.testng.SuiteRunner.privateRun(SuiteRunner.java:415)org.testng.SuiteRunner.run(SuiteRunner.java:364)org.testng.SuiteRunnerWorker.runSuite(SuiteRunnerWorker.java:52)org.testng.SuiteRunnerWorker.run(SuiteRunnerWorker.java:84)org.testng.TestNG.runSuitesSequentially(TestNG.java:1208)org.testng.TestNG.runSuitesLocally(TestNG.java:1137)org.testng.TestNG.runSuites(TestNG.java:1049)org.testng.TestNG.run(TestNG.java:1017)com.intellij.rt.testng.IDEARemoteTestNG.run(IDEARemoteTestNG.java:66)com.intellij.rt.testng.RemoteTestNGStarter.main(RemoteTestNGStarter.java:109)
                ]]>
            </failure>
    </testcase>

            <testcase
                name="setup"
                time="0.0"
                classname="tests.DefectReportTests">
            </testcase>
            <testcase
                name="setup"
                time="0.0"
                classname="tests.DefectReportTests">
            </testcase>
            <testcase
                name="takeSS"
                time="0.0"
                classname="tests.DefectReportTests">
            </testcase>
            <testcase
                name="takeSS"
                time="0.0"
                classname="tests.DefectReportTests">
            </testcase>
            <testcase
                name="setup"
                time="0.0"
                classname="tests.DefectReportTests">
            </testcase>
            <testcase
                name="takeSS"
                time="0.0"
                classname="tests.DefectReportTests">
            </testcase>
            <testcase
                name="takeSS"
                time="0.0"
                classname="tests.DefectReportTests">
            </testcase>
            <testcase
                name="SAM20_editReport"
                time="0.0"
                classname="tests.DefectReportTests">
            </testcase>
            <testcase
                name="SAM104_updateStatus"
                time="0.0"
                classname="tests.DefectReportTests">
            </testcase>
            <testcase
                name="SAM22_createReport"
                time="0.0"
                classname="tests.DefectReportTests">
            </testcase>
            <testcase
                name="SAM19_createElements"
                time="0.0"
                classname="tests.DefectReportTests">
            </testcase>

</testsuite>
